<?xml version="1.0" encoding="UTF-8"?>
<!-- Generated by org.testng.reporters.JUnitXMLReporter -->
<testsuite ignored="0" hostname="KQ-01-0035" failures="0" tests="3" name="Default test" time="20.833" errors="0" timestamp="2026-06-13T12:56:37 IST">
  <testcase classname="login.Login_Page" name="login_valid_data" time="4.19"/>
  <testcase classname="login.Login_Page" name="login_Invalid_username" time="3.676"/>
  <testcase classname="login.Login_Page" name="login_Invalid_password" time="4.31"/>
</testsuite> <!-- Default test -->
