<?xml version="1.0" encoding="UTF-8"?>
<testng-results ignored="0" total="3" passed="3" failed="0" skipped="0">
  <reporter-output>
  </reporter-output>
  <suite started-at="2026-06-13T12:56:17 IST" name="Default suite" finished-at="2026-06-13T12:56:37 IST" duration-ms="20833">
    <groups>
    </groups>
    <test started-at="2026-06-13T12:56:17 IST" name="Default test" finished-at="2026-06-13T12:56:37 IST" duration-ms="20833">
      <class name="login.Login_Page">
        <test-method is-config="true" signature="open_app()[pri:0, instance:login.Login_Page@5aa9e4eb]" started-at="2026-06-13T12:56:17 IST" name="open_app" finished-at="2026-06-13T12:56:20 IST" duration-ms="3711" status="PASS">
          <reporter-output>
          </reporter-output>
        </test-method> <!-- open_app -->
        <test-method signature="login_valid_data()[pri:1, instance:login.Login_Page@5aa9e4eb]" started-at="2026-06-13T12:56:20 IST" name="login_valid_data" description="Verify user can log in with valid credentials" finished-at="2026-06-13T12:56:25 IST" duration-ms="4190" status="PASS">
          <reporter-output>
          </reporter-output>
        </test-method> <!-- login_valid_data -->
        <test-method is-config="true" signature="close_app()[pri:0, instance:login.Login_Page@5aa9e4eb]" started-at="2026-06-13T12:56:25 IST" name="close_app" finished-at="2026-06-13T12:56:25 IST" duration-ms="223" status="PASS">
          <reporter-output>
          </reporter-output>
        </test-method> <!-- close_app -->
        <test-method is-config="true" signature="open_app()[pri:0, instance:login.Login_Page@5aa9e4eb]" started-at="2026-06-13T12:56:25 IST" name="open_app" finished-at="2026-06-13T12:56:27 IST" duration-ms="2102" status="PASS">
          <reporter-output>
          </reporter-output>
        </test-method> <!-- open_app -->
        <test-method signature="login_Invalid_username()[pri:2, instance:login.Login_Page@5aa9e4eb]" started-at="2026-06-13T12:56:27 IST" name="login_Invalid_username" description="Verify user can log in with invalid username" finished-at="2026-06-13T12:56:31 IST" duration-ms="3676" status="PASS">
          <reporter-output>
          </reporter-output>
        </test-method> <!-- login_Invalid_username -->
        <test-method is-config="true" signature="close_app()[pri:0, instance:login.Login_Page@5aa9e4eb]" started-at="2026-06-13T12:56:31 IST" name="close_app" finished-at="2026-06-13T12:56:31 IST" duration-ms="241" status="PASS">
          <reporter-output>
          </reporter-output>
        </test-method> <!-- close_app -->
        <test-method is-config="true" signature="open_app()[pri:0, instance:login.Login_Page@5aa9e4eb]" started-at="2026-06-13T12:56:31 IST" name="open_app" finished-at="2026-06-13T12:56:33 IST" duration-ms="2071" status="PASS">
          <reporter-output>
          </reporter-output>
        </test-method> <!-- open_app -->
        <test-method signature="login_Invalid_password()[pri:3, instance:login.Login_Page@5aa9e4eb]" started-at="2026-06-13T12:56:33 IST" name="login_Invalid_password" description="Verify user can log in with invalid password" finished-at="2026-06-13T12:56:37 IST" duration-ms="4310" status="PASS">
          <reporter-output>
          </reporter-output>
        </test-method> <!-- login_Invalid_password -->
        <test-method is-config="true" signature="close_app()[pri:0, instance:login.Login_Page@5aa9e4eb]" started-at="2026-06-13T12:56:37 IST" name="close_app" finished-at="2026-06-13T12:56:37 IST" duration-ms="235" status="PASS">
          <reporter-output>
          </reporter-output>
        </test-method> <!-- close_app -->
      </class> <!-- login.Login_Page -->
    </test> <!-- Default test -->
  </suite> <!-- Default suite -->
</testng-results>
