<?xml version="1.0" encoding="UTF-8"?>
<!-- Generated by org.testng.reporters.JUnitReportReporter -->
<testsuite hostname="KQ-01-0035" failures="0" tests="3" name="login.Login_Page" time="20.759" errors="0" timestamp="2026-06-13T12:56:38 IST" skipped="0">
  <testcase classname="login.Login_Page" name="login_valid_data" time="8.136"/>
  <testcase classname="login.Login_Page" name="login_Invalid_username" time="5.988"/>
  <testcase classname="login.Login_Page" name="login_Invalid_password" time="6.635"/>
</testsuite> <!-- login.Login_Page -->
